12-08-30 17:31:28 DEBUG [http.impl.conn.SingleClientConnManager:212] Get connection for route HttpRoute[{s}->https://open.t.qq.com]
12-08-30 17:31:28 DEBUG [http.impl.conn.DefaultClientConnectionOperator:145] Connecting to open.t.qq.com:443
12-08-30 17:31:28 DEBUG [http.client.protocol.RequestAddCookies:132] CookieSpec selected: best-match
12-08-30 17:31:28 DEBUG [http.client.protocol.RequestAuthCache:75] Auth cache not set in the context
12-08-30 17:31:28 DEBUG [http.impl.client.DefaultHttpClient:645] Attempt 1 to execute request
12-08-30 17:31:28 DEBUG [http.impl.conn.DefaultClientConnection:264] Sending request: GET /t/list?oauth_consumer_key=801226101&access_token=98e16ec0ba40f3fe08bddb3f1bd88349&openid=DB37E277376806C7C4078A77251CE224&oauth_version=2.a&scope=all&format=json&clientip=127.0.0.1&ids=83179096184071%2C16880093593589 HTTP/1.1
12-08-30 17:31:28 DEBUG [org.apache.http.wire:63] >> "GET /t/list?oauth_consumer_key=801226101&access_token=98e16ec0ba40f3fe08bddb3f1bd88349&openid=DB37E277376806C7C4078A77251CE224&oauth_version=2.a&scope=all&format=json&clientip=127.0.0.1&ids=83179096184071%2C16880093593589 HTTP/1.1[\r][\n]"
12-08-30 17:31:28 DEBUG [org.apache.http.wire:63] >> "Host: open.t.qq.com[\r][\n]"
12-08-30 17:31:28 DEBUG [org.apache.http.wire:63] >> "Connection: Keep-Alive[\r][\n]"
12-08-30 17:31:28 DEBUG [org.apache.http.wire:63] >> "User-Agent: Apache-HttpClient/4.1.3 (java 1.5)[\r][\n]"
12-08-30 17:31:28 DEBUG [org.apache.http.wire:63] >> "[\r][\n]"
12-08-30 17:31:28 DEBUG [org.apache.http.headers:268] >> GET /t/list?oauth_consumer_key=801226101&access_token=98e16ec0ba40f3fe08bddb3f1bd88349&openid=DB37E277376806C7C4078A77251CE224&oauth_version=2.a&scope=all&format=json&clientip=127.0.0.1&ids=83179096184071%2C16880093593589 HTTP/1.1
12-08-30 17:31:28 DEBUG [org.apache.http.headers:271] >> Host: open.t.qq.com
12-08-30 17:31:28 DEBUG [org.apache.http.headers:271] >> Connection: Keep-Alive
12-08-30 17:31:28 DEBUG [org.apache.http.headers:271] >> User-Agent: Apache-HttpClient/4.1.3 (java 1.5)
12-08-30 17:31:29 DEBUG [org.apache.http.wire:63] << "HTTP/1.1 404 Not Found[\r][\n]"
12-08-30 17:31:29 DEBUG [org.apache.http.wire:63] << "Server: nginx/0.8.51[\r][\n]"
12-08-30 17:31:29 DEBUG [org.apache.http.wire:63] << "Date: Thu, 30 Aug 2012 09:31:25 GMT[\r][\n]"
12-08-30 17:31:29 DEBUG [org.apache.http.wire:63] << "Content-Type: text/html[\r][\n]"
12-08-30 17:31:29 DEBUG [org.apache.http.wire:63] << "Connection: keep-alive[\r][\n]"
12-08-30 17:31:29 DEBUG [org.apache.http.wire:63] << "Content-Length: 0[\r][\n]"
12-08-30 17:31:29 DEBUG [org.apache.http.wire:63] << "[\r][\n]"
12-08-30 17:31:29 DEBUG [http.impl.conn.DefaultClientConnection:249] Receiving response: HTTP/1.1 404 Not Found
12-08-30 17:31:29 DEBUG [org.apache.http.headers:252] << HTTP/1.1 404 Not Found
12-08-30 17:31:29 DEBUG [org.apache.http.headers:255] << Server: nginx/0.8.51
12-08-30 17:31:29 DEBUG [org.apache.http.headers:255] << Date: Thu, 30 Aug 2012 09:31:25 GMT
12-08-30 17:31:29 DEBUG [org.apache.http.headers:255] << Content-Type: text/html
12-08-30 17:31:29 DEBUG [org.apache.http.headers:255] << Connection: keep-alive
12-08-30 17:31:29 DEBUG [org.apache.http.headers:255] << Content-Length: 0
12-08-30 17:31:29 DEBUG [http.impl.client.DefaultHttpClient:487] Connection can be kept alive indefinitely
12-08-30 17:31:29 DEBUG [http.impl.conn.SingleClientConnManager:269] Releasing connection org.apache.http.impl.conn.SingleClientConnManager$ConnAdapter@1c92535
